2016-03-14 01:21:56,479 - myStack - WARN - using default tls security policy
2016-03-14 01:21:56,512 - myStack - WARN - Using default keystore type jks
2016-03-14 01:21:56,512 - myStack - WARN - TLS server settings will be inactive - TLS key store will use JVM defaults keyStoreType=jks javax.net.ssl.keyStore=null javax.net.ssl.keyStorePassword=null
2016-03-14 01:21:56,512 - myStack - INFO - javax.net.ssl.trustStorePassword is null, using the password passed through javax.net.ssl.keyStorePassword
2016-03-14 01:21:56,512 - myStack - WARN - Using default truststore type jks
2016-03-14 01:21:56,512 - myStack - WARN - TLS trust settings will be inactive - TLS trust store will use JVM defaults. trustStoreType=jks javax.net.ssl.trustStore=null javax.net.ssl.trustStorePassword=null
2016-03-14 01:37:37,727 - myStack - WARN - using default tls security policy
2016-03-14 01:41:30,873 - myStack - WARN - using default tls security policy
2016-03-14 01:45:20,345 - myStack - WARN - using default tls security policy
2016-03-14 01:47:54,391 - myStack - WARN - using default tls security policy
2016-03-14 16:47:40,424 - myStack - WARN - using default tls security policy
2016-03-14 16:51:54,962 - myStack - WARN - using default tls security policy
2016-03-14 19:14:40,637 - myStack - WARN - using default tls security policy
2016-03-14 19:19:54,864 - myStack - WARN - using default tls security policy
2016-03-14 19:32:59,722 - myStack - WARN - using default tls security policy
2016-03-14 19:36:10,343 - myStack - WARN - using default tls security policy
2016-03-14 20:34:37,399 - myStack - WARN - using default tls security policy
2016-03-14 20:39:25,007 - myStack - WARN - using default tls security policy
2016-03-14 20:45:23,243 - myStack - WARN - using default tls security policy
2016-03-14 20:48:25,765 - myStack - WARN - using default tls security policy
2016-03-14 20:54:48,819 - myStack - WARN - using default tls security policy
2016-03-14 21:18:17,200 - myStack - WARN - using default tls security policy
2016-03-14 21:22:28,484 - myStack - WARN - using default tls security policy
2016-03-14 21:25:09,127 - myStack - WARN - using default tls security policy
2016-03-14 21:28:23,920 - myStack - WARN - using default tls security policy
2016-03-14 21:31:52,728 - myStack - WARN - using default tls security policy
2016-03-14 21:35:57,853 - myStack - WARN - using default tls security policy
2016-03-14 21:42:24,520 - myStack - WARN - using default tls security policy
2016-03-14 22:28:44,288 - myStack - WARN - using default tls security policy
2016-03-14 22:33:09,744 - myStack - WARN - using default tls security policy
2016-03-14 22:42:38,293 - myStack - WARN - using default tls security policy
2016-03-14 22:53:14,301 - myStack - WARN - using default tls security policy
2016-03-14 22:56:55,978 - myStack - WARN - using default tls security policy
2016-03-14 23:00:06,250 - myStack - WARN - using default tls security policy
2016-03-14 23:04:24,061 - myStack - WARN - using default tls security policy
2016-03-14 23:06:30,026 - myStack - WARN - using default tls security policy
2016-03-14 23:21:18,951 - myStack - WARN - using default tls security policy
2016-03-14 23:23:35,345 - myStack - WARN - using default tls security policy
2016-03-14 23:35:25,557 - myStack - WARN - using default tls security policy
2016-03-14 23:48:24,263 - myStack - WARN - using default tls security policy
2016-03-16 12:54:43,882 - myStack - WARN - using default tls security policy
2016-03-16 12:58:25,224 - myStack - WARN - using default tls security policy
2016-03-16 13:07:13,293 - myStack - WARN - using default tls security policy
2016-03-16 13:13:09,164 - myStack - WARN - using default tls security policy
2016-03-16 13:23:17,615 - myStack - WARN - using default tls security policy
2016-03-16 13:25:53,474 - myStack - WARN - using default tls security policy
2016-03-16 13:31:30,095 - myStack - WARN - using default tls security policy
2016-03-16 15:11:08,905 - myStack - WARN - using default tls security policy
2016-03-16 15:13:27,621 - myStack - WARN - using default tls security policy
2016-03-16 15:15:38,785 - myStack - WARN - using default tls security policy
2016-03-16 15:45:49,204 - myStack - WARN - using default tls security policy
2016-03-16 15:49:13,581 - myStack - WARN - using default tls security policy
2016-03-16 15:55:10,807 - myStack - WARN - using default tls security policy
2016-03-16 15:58:49,298 - myStack - WARN - using default tls security policy
2016-03-16 16:17:05,203 - myStack - WARN - using default tls security policy
2016-03-16 16:20:03,650 - myStack - WARN - using default tls security policy
2016-03-16 16:21:47,247 - myStack - WARN - using default tls security policy
2016-03-16 17:06:57,137 - myStack - WARN - using default tls security policy
2016-03-16 17:09:08,544 - myStack - WARN - using default tls security policy
2016-03-16 17:17:54,012 - myStack - WARN - using default tls security policy
2016-03-16 19:29:40,251 - myStack - WARN - using default tls security policy
2016-03-16 19:35:03,754 - myStack - WARN - using default tls security policy
2016-03-16 19:49:45,639 - myStack - WARN - using default tls security policy
2016-03-16 19:51:07,893 - myStack - WARN - using default tls security policy
2016-03-16 19:54:20,053 - myStack - WARN - using default tls security policy
2016-03-16 20:20:28,395 - myStack - WARN - using default tls security policy
2016-03-16 20:24:16,428 - myStack - WARN - using default tls security policy
2016-03-16 21:00:17,073 - myStack - WARN - using default tls security policy
2016-03-16 21:07:10,831 - myStack - WARN - using default tls security policy
2016-03-16 22:17:37,474 - myStack - WARN - using default tls security policy
2016-03-16 22:22:49,136 - myStack - WARN - using default tls security policy
2016-03-16 22:24:31,496 - myStack - WARN - using default tls security policy
2016-03-16 22:26:38,554 - myStack - WARN - using default tls security policy
2016-03-20 16:39:36,306 - myStack - WARN - using default tls security policy
2016-03-20 16:43:03,712 - myStack - WARN - using default tls security policy
2016-03-20 16:48:33,889 - myStack - WARN - using default tls security policy
2016-03-20 16:58:44,236 - myStack - WARN - using default tls security policy
2016-03-20 17:06:17,277 - myStack - WARN - using default tls security policy
2016-03-20 17:09:44,649 - myStack - WARN - using default tls security policy
2016-03-20 17:14:22,032 - myStack - WARN - using default tls security policy
2016-03-20 17:20:39,720 - myStack - WARN - using default tls security policy
2016-03-20 17:23:39,141 - myStack - WARN - using default tls security policy
2016-03-20 17:26:10,616 - myStack - WARN - using default tls security policy
2016-03-26 22:21:10,654 - myStack - WARN - using default tls security policy
2016-03-26 22:25:42,567 - myStack - WARN - using default tls security policy
2016-03-26 22:28:25,225 - myStack - WARN - using default tls security policy
2016-03-27 00:03:51,532 - myStack - WARN - using default tls security policy
2016-03-27 00:10:25,952 - myStack - WARN - using default tls security policy
2016-03-27 18:47:49,346 - myStack - WARN - using default tls security policy
2016-03-27 20:18:43,638 - myStack - WARN - using default tls security policy
2016-03-27 22:38:32,277 - myStack - WARN - using default tls security policy
2016-03-31 00:23:30,909 - myITSPmainWnd - INFO - main process is started
2016-03-31 00:23:31,133 - SystemIPs - INFO - 192.168.1.2
2016-03-31 00:23:31,133 - SystemIPs - INFO - fe80:0:0:0:59db:125d:2775:9c77%7
2016-03-31 00:23:31,134 - SystemIPs - INFO - fe80:0:0:0:207b:2864:3f57:fefd%4
2016-03-31 00:23:31,134 - SystemIPs - INFO - 2001:0:5ef5:79fb:207b:2864:3f57:fefd
2016-03-31 00:23:31,140 - myITSPmainWnd - INFO - initialize GUI objects started
2016-03-31 00:23:31,141 - myITSPmainWnd - INFO - initialize GUI objects finished
2016-03-31 00:23:47,487 - GStreamerSettingsDialog - INFO - file slected:C:\gstreamer\1.0\x86_64\bin\gst-launch-1.0.exe
2016-03-31 00:23:55,678 - GStreamerSettingsDialog - INFO - file confirmed
2016-03-31 00:24:14,242 - VoiceSettingsWnd - INFO - RingBackTone:C:\wavs\ringbacktone.wav
2016-03-31 00:24:20,602 - VoiceSettingsWnd - INFO - RingTone:C:\wavs\uringtone.wav
2016-03-31 00:24:28,819 - myITSPmainWnd - INFO - Button On is pressed
2016-03-31 00:24:28,831 - ITSPListener - INFO - Initialize ITSP Listener
2016-03-31 00:24:28,955 - myStack - WARN - using default tls security policy
2016-03-31 00:24:40,509 - ITSPListener - INFO - User Input:Type=0 Status=0 Destination=sip:2106197313@192.168.1.121:5060
2016-03-31 00:24:40,834 - ITSPListener - INFO - processResponse: Status=1 Response=100
2016-03-31 00:24:40,849 - GStreamerToneCmdThread - INFO - C:\gstreamer\1.0\x86_64\bin\gst-launch-1.0.exe filesrc location=C:/wavs/ringbacktone.wav ! wavparse ! audioconvert ! autoaudiosink
2016-03-31 00:24:41,156 - ITSPListener - INFO - processResponse: Status=2 Response=180
2016-03-31 00:24:41,158 - GStreamerToneCmdThread - INFO - C:\gstreamer\1.0\x86_64\bin\gst-launch-1.0.exe filesrc location=C:/wavs/ringbacktone.wav ! wavparse ! audioconvert ! autoaudiosink
2016-03-31 00:24:42,152 - ITSPListener - INFO - processResponse: Status=2 Response=200
2016-03-31 00:24:42,155 - GStreamerToneTool - INFO - Stop Tone ordered
2016-03-31 00:24:42,193 - GstreamerTool - INFO - Start media ordered. Dst:192.168.1.121:30528 from SrcPort:40000 with Codec:8
2016-03-31 00:24:42,201 - GStreamerCmdThread - INFO - C:\gstreamer\1.0\x86_64\bin\gst-launch-1.0.exe udpsrc port=40000 caps="application/x-rtp" ! queue ! rtppcmadepay ! alawdec ! audioconvert ! autoaudiosink
2016-03-31 00:24:42,501 - GStreamerCmdThread - INFO - C:\gstreamer\1.0\x86_64\bin\gst-launch-1.0.exe autoaudiosrc ! audioconvert ! audioresample ! alawenc ! rtppcmapay pt=8 mtu=172 min-ptime=20000000 max-ptime=20000000 ssrc=1231685201 ! udpsink host=192.168.1.121 port=30528 bind-port=40000
2016-03-31 00:24:42,588 - ITSPListener - WARN - processTransactionTerminated --> no handling
2016-03-31 00:24:47,369 - GStreamerToneCmdThread - INFO - PlayTone stopped hopefully
2016-03-31 00:24:47,369 - GStreamerToneCmdThread - INFO - PlayTone stopped hopefully
2016-03-31 00:25:07,604 - ITSPListener - INFO - User Input:Type=1 Status=4 Destination=null
2016-03-31 00:25:07,606 - GstreamerTool - INFO - Stop Media ordered
2016-03-31 00:25:07,622 - ITSPListener - INFO - processResponse: Status=0 Response=200
2016-03-31 00:25:07,727 - GStreamerCmdThread - INFO - Trx stopped hopefully
2016-03-31 00:25:07,728 - GStreamerCmdThread - INFO - Rcv stopped hopefully
2016-03-31 00:25:12,622 - ITSPListener - WARN - processTransactionTerminated --> no handling
2016-03-31 00:25:15,606 - ITSPListener - WARN - Process Dialog Terminated-->No handling
2016-03-31 00:25:30,351 - ITSPListener - INFO - User Input:Type=0 Status=0 Destination=sip:2106197313@192.168.1.121:5060
2016-03-31 00:25:30,565 - ITSPListener - INFO - processResponse: Status=1 Response=100
2016-03-31 00:25:30,575 - GStreamerToneCmdThread - INFO - C:\gstreamer\1.0\x86_64\bin\gst-launch-1.0.exe filesrc location=C:/wavs/ringbacktone.wav ! wavparse ! audioconvert ! autoaudiosink
2016-03-31 00:25:30,704 - ITSPListener - INFO - processResponse: Status=2 Response=180
2016-03-31 00:25:30,705 - GStreamerToneCmdThread - INFO - C:\gstreamer\1.0\x86_64\bin\gst-launch-1.0.exe filesrc location=C:/wavs/ringbacktone.wav ! wavparse ! audioconvert ! autoaudiosink
2016-03-31 00:25:39,216 - ITSPListener - INFO - processResponse: Status=2 Response=200
2016-03-31 00:25:39,219 - GStreamerToneTool - INFO - Stop Tone ordered
2016-03-31 00:25:39,220 - GstreamerTool - INFO - Start media ordered. Dst:192.168.1.121:30528 from SrcPort:40002 with Codec:8
2016-03-31 00:25:39,221 - GStreamerCmdThread - INFO - C:\gstreamer\1.0\x86_64\bin\gst-launch-1.0.exe udpsrc port=40002 caps="application/x-rtp" ! queue ! rtppcmadepay ! alawdec ! audioconvert ! autoaudiosink
2016-03-31 00:25:39,293 - GStreamerToneCmdThread - INFO - PlayTone stopped hopefully
2016-03-31 00:25:39,498 - GStreamerToneCmdThread - INFO - PlayTone stopped hopefully
2016-03-31 00:25:39,520 - ITSPListener - WARN - processTransactionTerminated --> no handling
2016-03-31 00:25:39,521 - GStreamerCmdThread - INFO - C:\gstreamer\1.0\x86_64\bin\gst-launch-1.0.exe autoaudiosrc ! audioconvert ! audioresample ! alawenc ! rtppcmapay pt=8 mtu=172 min-ptime=20000000 max-ptime=20000000 ssrc=1231742228 ! udpsink host=192.168.1.121 port=30528 bind-port=40002
2016-03-31 00:25:49,720 - ITSPListener - INFO - processRequest: Status=4 Method=BYE
2016-03-31 00:25:49,725 - GstreamerTool - INFO - Stop Media ordered
2016-03-31 00:25:49,733 - GStreamerCmdThread - INFO - Trx stopped hopefully
2016-03-31 00:25:49,745 - GStreamerCmdThread - INFO - Rcv stopped hopefully
2016-03-31 00:25:57,725 - ITSPListener - WARN - Process Dialog Terminated-->No handling
2016-03-31 00:26:21,724 - ITSPListener - WARN - processTransactionTerminated --> no handling
2016-03-31 00:27:09,804 - ITSPListener - INFO - processRequest: Status=0 Method=INVITE
2016-03-31 00:27:09,808 - GStreamerToneCmdThread - INFO - C:\gstreamer\1.0\x86_64\bin\gst-launch-1.0.exe filesrc location=C:/wavs/uringtone.wav ! wavparse ! audioconvert ! autoaudiosink
2016-03-31 00:27:18,986 - ITSPListener - INFO - User Input:Type=1 Status=5 Destination=null
2016-03-31 00:27:18,987 - GStreamerToneTool - INFO - Stop Tone ordered
2016-03-31 00:27:19,055 - GStreamerToneCmdThread - INFO - PlayTone stopped hopefully
2016-03-31 00:27:23,817 - ITSPListener - WARN - processTransactionTerminated --> no handling
2016-03-31 00:27:26,986 - ITSPListener - WARN - Process Dialog Terminated-->No handling
2016-03-31 00:27:45,258 - ITSPListener - INFO - processRequest: Status=0 Method=INVITE
2016-03-31 00:27:45,260 - GStreamerToneCmdThread - INFO - C:\gstreamer\1.0\x86_64\bin\gst-launch-1.0.exe filesrc location=C:/wavs/uringtone.wav ! wavparse ! audioconvert ! autoaudiosink
2016-03-31 00:27:47,731 - ITSPListener - INFO - User Input:Type=0 Status=5 Destination=sip:2106197313@192.168.1.121:5060
2016-03-31 00:27:47,732 - GStreamerToneTool - INFO - Stop Tone ordered
2016-03-31 00:27:47,733 - GstreamerTool - INFO - Start media ordered. Dst:192.168.1.121:30528 from SrcPort:40006 with Codec:0
2016-03-31 00:27:47,733 - GStreamerCmdThread - INFO - C:\gstreamer\1.0\x86_64\bin\gst-launch-1.0.exe udpsrc port=40006 caps="application/x-rtp" ! queue ! rtppcmudepay ! mulawdec ! audioconvert ! autoaudiosink
2016-03-31 00:27:48,034 - GStreamerCmdThread - INFO - C:\gstreamer\1.0\x86_64\bin\gst-launch-1.0.exe autoaudiosrc ! audioconvert ! audioresample ! mulawenc ! rtppcmupay pt=0 mtu=172 min-ptime=20000000 max-ptime=20000000 ssrc=1231870741 ! udpsink host=192.168.1.121 port=30528 bind-port=40006
2016-03-31 00:27:48,056 - ITSPListener - INFO - processRequest: Status=6 Method=ACK
2016-03-31 00:27:50,584 - GStreamerToneCmdThread - INFO - PlayTone stopped hopefully
2016-03-31 00:27:56,263 - ITSPListener - WARN - processTransactionTerminated --> no handling
2016-03-31 00:28:07,839 - ITSPListener - INFO - processRequest: Status=4 Method=BYE
2016-03-31 00:28:07,841 - GstreamerTool - INFO - Stop Media ordered
2016-03-31 00:28:07,854 - GStreamerCmdThread - INFO - Rcv stopped hopefully
2016-03-31 00:28:07,866 - GStreamerCmdThread - INFO - Trx stopped hopefully
2016-03-31 00:28:15,840 - ITSPListener - WARN - Process Dialog Terminated-->No handling
2016-03-31 00:28:39,840 - ITSPListener - WARN - processTransactionTerminated --> no handling
2016-03-31 00:28:44,425 - myITSPmainWnd - INFO - Button Off is pressed
2016-03-31 00:28:45,427 - ITSPListener - INFO - SetOff
